2025-03-26 01:35:42 [CRITICAL]: IP: IP desconocida | Ruta: Ruta desconocida | Mensaje: undefined
2025-03-26 01:35:42 [ERROR]: IP: 127.0.0.1 | Ruta: /test-critical | Mensaje: Invalid status code: Error: Este es un error CRÍTICO simulado.
    at C:\Users\jesus\Desktop\PROYECTO 10mo\Proyecto Prophysio\backend\server.js:29:11
    at Layer.handle [as handle_request] (C:\Users\jesus\Desktop\PROYECTO 10mo\Proyecto Prophysio\backend\node_modules\express\lib\router\layer.js:95:5)
    at next (C:\Users\jesus\Desktop\PROYECTO 10mo\Proyecto Prophysio\backend\node_modules\express\lib\router\route.js:149:13)
    at Route.dispatch (C:\Users\jesus\Desktop\PROYECTO 10mo\Proyecto Prophysio\backend\node_modules\express\lib\router\route.js:119:3)
    at Layer.handle [as handle_request] (C:\Users\jesus\Desktop\PROYECTO 10mo\Proyecto Prophysio\backend\node_modules\express\lib\router\layer.js:95:5)
    at C:\Users\jesus\Desktop\PROYECTO 10mo\Proyecto Prophysio\backend\node_modules\express\lib\router\index.js:284:15
    at Function.process_params (C:\Users\jesus\Desktop\PROYECTO 10mo\Proyecto Prophysio\backend\node_modules\express\lib\router\index.js:346:12)
    at next (C:\Users\jesus\Desktop\PROYECTO 10mo\Proyecto Prophysio\backend\node_modules\express\lib\router\index.js:280:10)
    at C:\Users\jesus\Desktop\PROYECTO 10mo\Proyecto Prophysio\backend\node_modules\express-rate-limit\dist\index.cjs:822:7
    at process.processTicksAndRejections (node:internal/process/task_queues:105:5)
2025-03-26 01:38:35 [WARN]: Este es un mensaje de advertencia.
2025-03-26 01:40:43 [CRITICAL]: IP: 127.0.0.1 | Ruta: /test-critical | Mensaje: Invalid status code: Error: Este es un error CRÍTICO simulado.
    at C:\Users\jesus\Desktop\PROYECTO 10mo\Proyecto Prophysio\backend\server.js:29:11
    at Layer.handle [as handle_request] (C:\Users\jesus\Desktop\PROYECTO 10mo\Proyecto Prophysio\backend\node_modules\express\lib\router\layer.js:95:5)
    at next (C:\Users\jesus\Desktop\PROYECTO 10mo\Proyecto Prophysio\backend\node_modules\express\lib\router\route.js:149:13)
    at Route.dispatch (C:\Users\jesus\Desktop\PROYECTO 10mo\Proyecto Prophysio\backend\node_modules\express\lib\router\route.js:119:3)
    at Layer.handle [as handle_request] (C:\Users\jesus\Desktop\PROYECTO 10mo\Proyecto Prophysio\backend\node_modules\express\lib\router\layer.js:95:5)
    at C:\Users\jesus\Desktop\PROYECTO 10mo\Proyecto Prophysio\backend\node_modules\express\lib\router\index.js:284:15
    at Function.process_params (C:\Users\jesus\Desktop\PROYECTO 10mo\Proyecto Prophysio\backend\node_modules\express\lib\router\index.js:346:12)
    at next (C:\Users\jesus\Desktop\PROYECTO 10mo\Proyecto Prophysio\backend\node_modules\express\lib\router\index.js:280:10)
    at C:\Users\jesus\Desktop\PROYECTO 10mo\Proyecto Prophysio\backend\node_modules\express-rate-limit\dist\index.cjs:822:7
    at process.processTicksAndRejections (node:internal/process/task_queues:105:5)
